<?xml version="1.0" encoding="UTF-8"?>
<!-- Generated by org.testng.reporters.JUnitReportReporter -->
<testsuite hostname="A06P-C144E88B" name="com.dangdang.EBookScheduler" tests="1" failures="0" timestamp="11 May 2015 10:50:05 GMT" time="0.016" errors="0">
  <testcase name="ebook_generalize" time="0.016" classname="com.dangdang.EBookScheduler"/>
</testsuite> <!-- com.dangdang.EBookScheduler -->
