<?xml version="1.0" encoding="UTF-8"?>
<!-- Generated by org.testng.reporters.JUnitReportReporter -->
<testsuite hostname="A06P-C144E88B" name="com.dangdang.CommonCompareScheduler" tests="1" failures="0" timestamp="28 Aug 2015 07:40:55 GMT" time="34.740" errors="0">
  <testcase name="CompareResult" time="34.740" classname="com.dangdang.CommonCompareScheduler"/>
</testsuite> <!-- com.dangdang.CommonCompareScheduler -->
