<?xml version="1.0" encoding="UTF-8"?>
<!-- Generated by org.testng.reporters.JUnitReportReporter -->
<testsuite hostname="A06P-C144E88B" name="com.dangdang.QueryModify" tests="1" failures="0" timestamp="25 Aug 2015 10:30:43 GMT" time="57.321" errors="0">
  <testcase name="query_modify_test1" time="57.321" classname="com.dangdang.QueryModify"/>
</testsuite> <!-- com.dangdang.QueryModify -->
