<?xml version="1.0" encoding="UTF-8"?>
<!-- Generated by org.testng.reporters.JUnitReportReporter -->
<testsuite hostname="A06P-C144E88B" name="com.dangdang.DifferentServerCmpScheduler" tests="1" failures="0" timestamp="10 Jul 2015 07:55:59 GMT" time="300.627" errors="0">
  <testcase name="CompareResult" time="300.627" classname="com.dangdang.DifferentServerCmpScheduler"/>
</testsuite> <!-- com.dangdang.DifferentServerCmpScheduler -->
