<?xml version="1.0" encoding="UTF-8"?>
<!-- Generated by org.testng.reporters.JUnitReportReporter -->
<testsuite hostname="A06P-C144E88B" name="com.dangdang.EBookScheduler" tests="1" failures="0" timestamp="25 Jun 2015 01:42:20 GMT" time="137.440" errors="0">
  <testcase name="ebook_generalize" time="137.440" classname="com.dangdang.EBookScheduler"/>
</testsuite> <!-- com.dangdang.EBookScheduler -->
