<?xml version="1.0" encoding="UTF-8"?>
<!-- Generated by org.testng.reporters.JUnitReportReporter -->
<testsuite hostname="A06P-C144E88B" name="com.dangdang.SeasonTimenessScheduler" tests="1" failures="0" timestamp="14 Aug 2015 03:19:51 GMT" time="5.889" errors="0">
  <testcase name="SeasonTimenessTest_01" time="5.889" classname="com.dangdang.SeasonTimenessScheduler"/>
</testsuite> <!-- com.dangdang.SeasonTimenessScheduler -->
