<?xml version="1.0" encoding="UTF-8"?>
<!-- Generated by org.testng.reporters.JUnitReportReporter -->
<testsuite hostname="A06P-C144E88B" name="com.dangdang.NewProdWeightScheduler" tests="1" failures="0" timestamp="21 Oct 2015 03:59:34 GMT" time="1533.851" errors="0">
  <testcase name="newProdWeight" time="1533.851" classname="com.dangdang.NewProdWeightScheduler"/>
</testsuite> <!-- com.dangdang.NewProdWeightScheduler -->
