<?xml version="1.0" encoding="UTF-8"?>
<!-- Generated by org.testng.reporters.JUnitReportReporter -->
<testsuite hostname="A06P-C144E88B" name="com.dangdang.MobileExclusiveAddWeightScheduler" tests="1" failures="0" timestamp="16 Oct 2015 02:41:22 GMT" time="101.370" errors="0">
  <testcase name="MobileExclusiveAddWeightTest" time="101.370" classname="com.dangdang.MobileExclusiveAddWeightScheduler"/>
</testsuite> <!-- com.dangdang.MobileExclusiveAddWeightScheduler -->
