<?xml version="1.0" encoding="UTF-8"?>
<!-- Generated by org.testng.reporters.JUnitReportReporter -->
<testsuite hostname="A06P-C144E88B" name="com.dangdang.IndexModifyScheduler" tests="1" failures="0" timestamp="29 Oct 2015 02:43:10 GMT" time="6.907" errors="0">
  <testcase name="Test" time="6.907" classname="com.dangdang.IndexModifyScheduler"/>
</testsuite> <!-- com.dangdang.IndexModifyScheduler -->
