<?xml version="1.0" encoding="UTF-8"?>
<!-- Generated by org.testng.reporters.JUnitReportReporter -->
<testsuite hostname="A06P-C144E88B" name="com.dangdang.TopAndNoPictureProductScheduler" tests="2" failures="0" timestamp="27 Oct 2015 12:31:50 GMT" time="4684.257" errors="0">
  <testcase name="noPictureProduct" time="414.501" classname="com.dangdang.TopAndNoPictureProductScheduler"/>
  <testcase name="topProductBlackList" time="4269.756" classname="com.dangdang.TopAndNoPictureProductScheduler"/>
</testsuite> <!-- com.dangdang.TopAndNoPictureProductScheduler -->
