<?xml version="1.0" encoding="UTF-8"?>
<!-- Generated by org.testng.reporters.JUnitReportReporter -->
<testsuite hostname="A06P-C144E88B" name="com.dangdang.NoStockDropWeightScheduler" tests="1" failures="0" timestamp="19 Oct 2015 02:59:55 GMT" time="120.151" errors="0">
  <testcase name="NoStockDropWeightTest" time="120.151" classname="com.dangdang.NoStockDropWeightScheduler"/>
</testsuite> <!-- com.dangdang.NoStockDropWeightScheduler -->
