<?xml version="1.0" encoding="UTF-8"?>
<!-- Generated by org.testng.reporters.JUnitReportReporter -->
<testsuite hostname="A06P-C144E88B" name="com.dangdang.CategoryNewFilterScheduler" tests="1" failures="0" timestamp="29 Sep 2015 02:39:22 GMT" time="219.450" errors="0">
  <testcase name="total_review_count_filter" time="219.450" classname="com.dangdang.CategoryNewFilterScheduler"/>
</testsuite> <!-- com.dangdang.CategoryNewFilterScheduler -->
