<?xml version="1.0" encoding="UTF-8"?>
<!-- Generated by org.testng.reporters.JUnitReportReporter -->
<testsuite hostname="A06P-C144E88B" name="com.dangdang.SearchProductId" tests="1" failures="0" timestamp="16 Oct 2015 02:16:43 GMT" time="38.856" errors="0">
  <testcase name="search_product_id_test1" time="38.856" classname="com.dangdang.SearchProductId"/>
</testsuite> <!-- com.dangdang.SearchProductId -->
