<?xml version="1.0" encoding="UTF-8"?>
<!-- Generated by org.testng.reporters.JUnitReportReporter -->
<testsuite hostname="A06P-C144E88B" name="com.dangdang.SearchCustomScheduler" tests="1" failures="0" timestamp="27 Oct 2015 04:33:24 GMT" time="2934.825" errors="0">
  <testcase name="search_custom" time="2934.825" classname="com.dangdang.SearchCustomScheduler"/>
</testsuite> <!-- com.dangdang.SearchCustomScheduler -->
