<?xml version="1.0" encoding="UTF-8"?>
<!-- Generated by org.testng.reporters.JUnitReportReporter -->
<testsuite hostname="A06P-C144E88B" name="com.dangdang.VSearchScheduler" tests="1" failures="0" timestamp="5 Nov 2015 06:09:08 GMT" time="2.893" errors="0">
  <testcase name="vSearch_XX" time="2.893" classname="com.dangdang.VSearchScheduler"/>
</testsuite> <!-- com.dangdang.VSearchScheduler -->
