<?xml version="1.0" encoding="UTF-8"?>
<!-- Generated by org.testng.reporters.JUnitReportReporter -->
<testsuite hostname="A06P-C144E88B" name="com.dangdang.FilterSearchScheduler" tests="1" failures="0" timestamp="27 Oct 2015 04:46:19 GMT" time="4.136" errors="0">
  <testcase name="filter_all" time="4.136" classname="com.dangdang.FilterSearchScheduler"/>
</testsuite> <!-- com.dangdang.FilterSearchScheduler -->
