<?xml version="1.0" encoding="UTF-8"?>
<!-- Generated by org.testng.reporters.JUnitReportReporter -->
<testsuite hostname="A06P-C144E88B" name="com.dangdang.CategoryFeedback" tests="1" failures="0" timestamp="15 Oct 2015 04:10:40 GMT" time="10.977" errors="0">
  <testcase name="category_feedback_test1" time="10.977" classname="com.dangdang.CategoryFeedback"/>
</testsuite> <!-- com.dangdang.CategoryFeedback -->
