<?xml version="1.0" encoding="UTF-8"?>
<!-- Generated by org.testng.reporters.JUnitReportReporter -->
<testsuite hostname="A06P-C144E88B" name="com.dangdang.SearchTemplateScheduler" tests="1" failures="0" timestamp="28 Jul 2015 09:33:12 GMT" time="28.379" errors="0">
  <testcase name="search_template_test" time="28.379" classname="com.dangdang.SearchTemplateScheduler"/>
</testsuite> <!-- com.dangdang.SearchTemplateScheduler -->
