<?xml version="1.0" encoding="UTF-8"?>
<!-- Generated by org.testng.reporters.JUnitReportReporter -->
<testsuite hostname="A06P-C144E88B" name="com.dangdang.CommonScheduler" tests="1" failures="0" timestamp="16 Oct 2015 04:22:59 GMT" time="1454.474" errors="0">
  <testcase name="turn_page" time="1454.474" classname="com.dangdang.CommonScheduler"/>
</testsuite> <!-- com.dangdang.CommonScheduler -->
