<?xml version="1.0" encoding="UTF-8"?>
<!-- Generated by org.testng.reporters.JUnitReportReporter -->
<testsuite hostname="A06P-C144E88B" name="com.dangdang.GSearchScheduler" tests="1" failures="0" timestamp="15 Oct 2015 03:11:22 GMT" time="5355.904" errors="0">
  <testcase name="gSearch_book_list" time="5355.904" classname="com.dangdang.GSearchScheduler"/>
</testsuite> <!-- com.dangdang.GSearchScheduler -->
