<?xml version="1.0" encoding="UTF-8"?>
<!-- Generated by org.testng.reporters.JUnitReportReporter -->
<testsuite hostname="A06P-C144E88B" name="com.dangdang.TimelessAddWeightScheduler" tests="1" failures="0" timestamp="20 Oct 2015 06:33:28 GMT" time="54.802" errors="0">
  <testcase name="TimelessAddWeightTest" time="54.802" classname="com.dangdang.TimelessAddWeightScheduler"/>
</testsuite> <!-- com.dangdang.TimelessAddWeightScheduler -->
