<?xml version="1.0" encoding="UTF-8"?>
<!-- Generated by org.testng.reporters.JUnitReportReporter -->
<testsuite hostname="A06P-C144E88B" name="com.dangdang.IntelligenceCorrectionScheduler" tests="1" failures="0" timestamp="5 Nov 2015 07:26:12 GMT" time="3.102" errors="0">
  <testcase name="IntelligenceCorrection" time="3.102" classname="com.dangdang.IntelligenceCorrectionScheduler"/>
</testsuite> <!-- com.dangdang.IntelligenceCorrectionScheduler -->
