<?xml version="1.0" encoding="UTF-8"?>
<!-- Generated by org.testng.reporters.JUnitReportReporter -->
<testsuite hostname="A06P-C144E88B" name="com.dangdang.DupliScheduler" tests="1" failures="0" timestamp="24 Sep 2015 11:06:40 GMT" time="713.722" errors="0">
  <testcase name="dSearch_1" time="713.722" classname="com.dangdang.DupliScheduler"/>
</testsuite> <!-- com.dangdang.DupliScheduler -->
