<?xml version="1.0" encoding="UTF-8"?>
<!-- Generated by org.testng.reporters.JUnitReportReporter -->
<testsuite hostname="A06P-C144E88B" name="com.dangdang.SortSearchScheduler" tests="1" failures="0" timestamp="27 Oct 2015 06:35:28 GMT" time="970.663" errors="0">
  <testcase name="sort01" time="970.663" classname="com.dangdang.SortSearchScheduler"/>
</testsuite> <!-- com.dangdang.SortSearchScheduler -->
