<?xml version="1.0" encoding="UTF-8"?>
<!-- Generated by org.testng.reporters.JUnitReportReporter -->
<testsuite hostname="A06P-C144E88B" name="com.dangdang.CbookScheduler" tests="1" failures="0" timestamp="24 Sep 2015 10:53:19 GMT" time="8.861" errors="0">
  <testcase name="vSearch_cbook" time="8.861" classname="com.dangdang.CbookScheduler"/>
</testsuite> <!-- com.dangdang.CbookScheduler -->
