<?xml version="1.0" encoding="UTF-8"?>
<!-- Generated by org.testng.reporters.JUnitReportReporter -->
<testsuite hostname="A06P-C144E88B" name="com.dangdang.ProductTop" tests="1" failures="0" timestamp="5 Nov 2015 06:23:41 GMT" time="8.565" errors="0">
  <testcase name="product_top_test1" time="8.565" classname="com.dangdang.ProductTop"/>
</testsuite> <!-- com.dangdang.ProductTop -->
