<?xml version="1.0" encoding="UTF-8"?>
<!-- Generated by org.testng.reporters.JUnitReportReporter -->
<testsuite hostname="A06P-C144E88B" name="com.dangdang.IndexAddScheduler" tests="1" failures="0" timestamp="27 Oct 2015 03:45:08 GMT" time="5.369" errors="0">
  <testcase name="Test" time="5.369" classname="com.dangdang.IndexAddScheduler"/>
</testsuite> <!-- com.dangdang.IndexAddScheduler -->
