<?xml version="1.0" encoding="UTF-8"?>
<!-- Generated by org.testng.reporters.JUnitReportReporter -->
<testsuite hostname="A06P-C144E88B" name="com.dangdang.SpecifiedPoolAddWeightScheduler" tests="1" failures="0" timestamp="19 Oct 2015 08:30:59 GMT" time="449.889" errors="0">
  <testcase name="SpecifiedPoolAddWeight" time="449.889" classname="com.dangdang.SpecifiedPoolAddWeightScheduler"/>
</testsuite> <!-- com.dangdang.SpecifiedPoolAddWeightScheduler -->
