<?xml version="1.0" encoding="UTF-8"?>
<!-- Generated by org.testng.reporters.JUnitReportReporter -->
<testsuite hostname="A06P-C144E88B" name="com.dangdang.NoUMSeachVerifierScheduler" tests="1" failures="0" timestamp="24 Sep 2015 11:12:47 GMT" time="86.004" errors="0">
  <testcase name="noUMSeachVerifier" time="86.004" classname="com.dangdang.NoUMSeachVerifierScheduler"/>
</testsuite> <!-- com.dangdang.NoUMSeachVerifierScheduler -->
