<?xml version="1.0" encoding="UTF-8"?>
<!-- Generated by org.testng.reporters.JUnitReportReporter -->
<testsuite hostname="A06P-C144E88B" name="com.dangdang.QueryIdentifyScheduler" tests="2" failures="0" timestamp="24 Sep 2015 11:43:11 GMT" time="1154.394" errors="0">
  <testcase name="QueryIdentifyForCategory" time="1131.868" classname="com.dangdang.QueryIdentifyScheduler"/>
  <testcase name="QueryIdentifyForShop" time="22.526" classname="com.dangdang.QueryIdentifyScheduler"/>
</testsuite> <!-- com.dangdang.QueryIdentifyScheduler -->
