<?xml version="1.0" encoding="UTF-8"?>
<!-- Generated by org.testng.reporters.JUnitReportReporter -->
<testsuite hostname="A06P-C144E88B" name="com.dangdang.CategoryStrategyScheduler" tests="1" failures="0" timestamp="26 Oct 2015 07:30:32 GMT" time="3420.264" errors="0">
  <testcase name="book_strategy" time="3420.264" classname="com.dangdang.CategoryStrategyScheduler"/>
</testsuite> <!-- com.dangdang.CategoryStrategyScheduler -->
