<?xml version="1.0" encoding="UTF-8"?>
<!-- Generated by org.testng.reporters.JUnitReportReporter -->
<testsuite hostname="A06P-C144E88B" name="com.dangdang.ScenarioSearchScheduler" tests="1" failures="0" timestamp="27 Oct 2015 02:31:00 GMT" time="14.465" errors="0">
  <testcase name="scenario_search_test1" time="14.465" classname="com.dangdang.ScenarioSearchScheduler"/>
</testsuite> <!-- com.dangdang.ScenarioSearchScheduler -->
