<?xml version="1.0" encoding="UTF-8"?>
<!-- Generated by org.testng.reporters.JUnitReportReporter -->
<testsuite hostname="A06P-C144E88B" name="com.dangdang.CateForecastScheduler" tests="1" failures="0" timestamp="14 Aug 2015 05:40:21 GMT" time="0.304" errors="0">
  <testcase name="CateForecastVerifer_1" time="0.304" classname="com.dangdang.CateForecastScheduler"/>
</testsuite> <!-- com.dangdang.CateForecastScheduler -->
