<?xml version="1.0" encoding="UTF-8"?>
<!-- Generated by org.testng.reporters.JUnitReportReporter -->
<testsuite hostname="A06P-C144E88B" name="com.dangdang.BlackListScheduler" tests="5" failures="0" timestamp="5 Nov 2015 06:20:09 GMT" time="104.964" errors="0">
  <testcase name="SearchRankingBlackList" time="0.938" classname="com.dangdang.BlackListScheduler"/>
  <testcase name="shopthrough" time="0.599" classname="com.dangdang.BlackListScheduler"/>
  <testcase name="ListRankingBlackList" time="96.262" classname="com.dangdang.BlackListScheduler"/>
  <testcase name="categorythrough" time="4.913" classname="com.dangdang.BlackListScheduler"/>
  <testcase name="searchthrough" time="2.252" classname="com.dangdang.BlackListScheduler"/>
</testsuite> <!-- com.dangdang.BlackListScheduler -->
