<?xml version="1.0" encoding="UTF-8"?>
<!-- Generated by org.testng.reporters.JUnitReportReporter -->
<testsuite hostname="A06P-C144E88B" name="com.dangdang.CategoryDirectBlacklistScheduler" tests="2" failures="0" timestamp="14 Oct 2015 01:48:39 GMT" time="123.877" errors="0">
  <testcase name="CategoryFeedbackFilter" time="85.080" classname="com.dangdang.CategoryDirectBlacklistScheduler"/>
  <testcase name="CategoryDirectBlacklist" time="38.797" classname="com.dangdang.CategoryDirectBlacklistScheduler"/>
</testsuite> <!-- com.dangdang.CategoryDirectBlacklistScheduler -->
