<?xml version="1.0" encoding="UTF-8"?>
<!-- Generated by org.testng.reporters.JUnitReportReporter -->
<testsuite hostname="A06P-C144E88B" name="com.dangdang.IndexDelRecoverScheduler" tests="1" failures="0" timestamp="29 Oct 2015 02:29:55 GMT" time="5.726" errors="0">
  <testcase name="NormalIndexDeleteAndRecover" time="5.726" classname="com.dangdang.IndexDelRecoverScheduler"/>
</testsuite> <!-- com.dangdang.IndexDelRecoverScheduler -->
